{"/Users/temwin/stellar-burgers/src/services/rootReducer.ts": {"path":"/Users/temwin/stellar-burgers/src/services/rootReducer.ts","all":false,"statementMap":{"0":{"start":{"line":1,"column":0},"end":{"line":1,"column":51}},"1":{"start":{"line":2,"column":0},"end":{"line":2,"column":59}},"2":{"start":{"line":3,"column":0},"end":{"line":3,"column":71}},"3":{"start":{"line":4,"column":0},"end":{"line":4,"column":45}},"4":{"start":{"line":5,"column":0},"end":{"line":5,"column":47}},"5":{"start":{"line":6,"column":0},"end":{"line":6,"column":0}},"6":{"start":{"line":7,"column":0},"end":{"line":7,"column":44}},"7":{"start":{"line":8,"column":0},"end":{"line":8,"column":34}},"8":{"start":{"line":9,"column":0},"end":{"line":9,"column":46}},"9":{"start":{"line":10,"column":0},"end":{"line":10,"column":22}},"10":{"start":{"line":11,"column":0},"end":{"line":11,"column":19}},"11":{"start":{"line":12,"column":0},"end":{"line":12,"column":3}}},"s":{"0":1,"1":1,"2":1,"3":1,"4":1,"5":1,"6":1,"7":1,"8":1,"9":1,"10":1,"11":1},"branchMap":{},"b":{},"fnMap":{},"f":{}}
,"/Users/temwin/stellar-burgers/src/services/slices/authSlice.ts": {"path":"/Users/temwin/stellar-burgers/src/services/slices/authSlice.ts","all":false,"statementMap":{"0":{"start":{"line":1,"column":0},"end":{"line":1,"column":8}},"1":{"start":{"line":2,"column":0},"end":{"line":2,"column":13}},"2":{"start":{"line":3,"column":0},"end":{"line":3,"column":15}},"3":{"start":{"line":4,"column":0},"end":{"line":4,"column":12}},"4":{"start":{"line":5,"column":0},"end":{"line":5,"column":18}},"5":{"start":{"line":6,"column":0},"end":{"line":6,"column":13}},"6":{"start":{"line":7,"column":0},"end":{"line":7,"column":16}},"7":{"start":{"line":8,"column":0},"end":{"line":8,"column":15}},"8":{"start":{"line":9,"column":0},"end":{"line":9,"column":14}},"9":{"start":{"line":10,"column":0},"end":{"line":10,"column":65}},"10":{"start":{"line":11,"column":0},"end":{"line":11,"column":37}},"11":{"start":{"line":12,"column":0},"end":{"line":12,"column":61}},"12":{"start":{"line":13,"column":0},"end":{"line":13,"column":37}},"13":{"start":{"line":14,"column":0},"end":{"line":14,"column":0}},"14":{"start":{"line":15,"column":0},"end":{"line":15,"column":21}},"15":{"start":{"line":16,"column":0},"end":{"line":16,"column":21}},"16":{"start":{"line":17,"column":0},"end":{"line":17,"column":19}},"17":{"start":{"line":18,"column":0},"end":{"line":18,"column":23}},"18":{"start":{"line":19,"column":0},"end":{"line":19,"column":27}},"19":{"start":{"line":20,"column":0},"end":{"line":20,"column":1}},"20":{"start":{"line":21,"column":0},"end":{"line":21,"column":0}},"21":{"start":{"line":22,"column":0},"end":{"line":22,"column":33}},"22":{"start":{"line":23,"column":0},"end":{"line":23,"column":13}},"23":{"start":{"line":24,"column":0},"end":{"line":24,"column":17}},"24":{"start":{"line":25,"column":0},"end":{"line":25,"column":14}},"25":{"start":{"line":26,"column":0},"end":{"line":26,"column":24}},"26":{"start":{"line":27,"column":0},"end":{"line":27,"column":2}},"27":{"start":{"line":28,"column":0},"end":{"line":28,"column":0}},"28":{"start":{"line":29,"column":0},"end":{"line":29,"column":38}},"29":{"start":{"line":30,"column":0},"end":{"line":30,"column":15}},"30":{"start":{"line":31,"column":0},"end":{"line":31,"column":31}},"31":{"start":{"line":32,"column":0},"end":{"line":32,"column":46}},"32":{"start":{"line":33,"column":0},"end":{"line":33,"column":51}},"33":{"start":{"line":34,"column":0},"end":{"line":34,"column":64}},"34":{"start":{"line":35,"column":0},"end":{"line":35,"column":25}},"35":{"start":{"line":36,"column":0},"end":{"line":36,"column":3}},"36":{"start":{"line":37,"column":0},"end":{"line":37,"column":2}},"37":{"start":{"line":38,"column":0},"end":{"line":38,"column":0}},"38":{"start":{"line":39,"column":0},"end":{"line":39,"column":41}},"39":{"start":{"line":40,"column":0},"end":{"line":40,"column":18}},"40":{"start":{"line":41,"column":0},"end":{"line":41,"column":34}},"41":{"start":{"line":42,"column":0},"end":{"line":42,"column":49}},"42":{"start":{"line":43,"column":0},"end":{"line":43,"column":51}},"43":{"start":{"line":44,"column":0},"end":{"line":44,"column":64}},"44":{"start":{"line":45,"column":0},"end":{"line":45,"column":25}},"45":{"start":{"line":46,"column":0},"end":{"line":46,"column":3}},"46":{"start":{"line":47,"column":0},"end":{"line":47,"column":2}},"47":{"start":{"line":48,"column":0},"end":{"line":48,"column":0}},"48":{"start":{"line":49,"column":0},"end":{"line":49,"column":69}},"49":{"start":{"line":50,"column":0},"end":{"line":50,"column":38}},"50":{"start":{"line":51,"column":0},"end":{"line":51,"column":23}},"51":{"start":{"line":52,"column":0},"end":{"line":52,"column":3}},"52":{"start":{"line":53,"column":0},"end":{"line":53,"column":0}},"53":{"start":{"line":54,"column":0},"end":{"line":54,"column":67}},"54":{"start":{"line":55,"column":0},"end":{"line":55,"column":60}},"55":{"start":{"line":56,"column":0},"end":{"line":56,"column":21}},"56":{"start":{"line":57,"column":0},"end":{"line":57,"column":22}},"57":{"start":{"line":58,"column":0},"end":{"line":58,"column":3}},"58":{"start":{"line":59,"column":0},"end":{"line":59,"column":30}},"59":{"start":{"line":60,"column":0},"end":{"line":60,"column":42}},"60":{"start":{"line":61,"column":0},"end":{"line":61,"column":14}},"61":{"start":{"line":62,"column":0},"end":{"line":62,"column":3}},"62":{"start":{"line":63,"column":0},"end":{"line":63,"column":0}},"63":{"start":{"line":64,"column":0},"end":{"line":64,"column":43}},"64":{"start":{"line":65,"column":0},"end":{"line":65,"column":20}},"65":{"start":{"line":66,"column":0},"end":{"line":66,"column":73}},"66":{"start":{"line":67,"column":0},"end":{"line":67,"column":47}},"67":{"start":{"line":68,"column":0},"end":{"line":68,"column":25}},"68":{"start":{"line":69,"column":0},"end":{"line":69,"column":3}},"69":{"start":{"line":70,"column":0},"end":{"line":70,"column":2}},"70":{"start":{"line":71,"column":0},"end":{"line":71,"column":0}},"71":{"start":{"line":72,"column":0},"end":{"line":72,"column":31}},"72":{"start":{"line":73,"column":0},"end":{"line":73,"column":15}},"73":{"start":{"line":74,"column":0},"end":{"line":74,"column":15}},"74":{"start":{"line":75,"column":0},"end":{"line":75,"column":13}},"75":{"start":{"line":76,"column":0},"end":{"line":76,"column":28}},"76":{"start":{"line":77,"column":0},"end":{"line":77,"column":25}},"77":{"start":{"line":78,"column":0},"end":{"line":78,"column":5}},"78":{"start":{"line":79,"column":0},"end":{"line":79,"column":4}},"79":{"start":{"line":80,"column":0},"end":{"line":80,"column":31}},"80":{"start":{"line":81,"column":0},"end":{"line":81,"column":11}},"81":{"start":{"line":82,"column":0},"end":{"line":82,"column":42}},"82":{"start":{"line":83,"column":0},"end":{"line":83,"column":29}},"83":{"start":{"line":84,"column":0},"end":{"line":84,"column":27}},"84":{"start":{"line":85,"column":0},"end":{"line":85,"column":8}},"85":{"start":{"line":86,"column":0},"end":{"line":86,"column":52}},"86":{"start":{"line":87,"column":0},"end":{"line":87,"column":30}},"87":{"start":{"line":88,"column":0},"end":{"line":88,"column":36}},"88":{"start":{"line":89,"column":0},"end":{"line":89,"column":37}},"89":{"start":{"line":90,"column":0},"end":{"line":90,"column":8}},"90":{"start":{"line":91,"column":0},"end":{"line":91,"column":51}},"91":{"start":{"line":92,"column":0},"end":{"line":92,"column":30}},"92":{"start":{"line":93,"column":0},"end":{"line":93,"column":61}},"93":{"start":{"line":94,"column":0},"end":{"line":94,"column":9}},"94":{"start":{"line":95,"column":0},"end":{"line":95,"column":0}},"95":{"start":{"line":96,"column":0},"end":{"line":96,"column":11}},"96":{"start":{"line":97,"column":0},"end":{"line":97,"column":45}},"97":{"start":{"line":98,"column":0},"end":{"line":98,"column":29}},"98":{"start":{"line":99,"column":0},"end":{"line":99,"column":27}},"99":{"start":{"line":100,"column":0},"end":{"line":100,"column":8}},"100":{"start":{"line":101,"column":0},"end":{"line":101,"column":55}},"101":{"start":{"line":102,"column":0},"end":{"line":102,"column":30}},"102":{"start":{"line":103,"column":0},"end":{"line":103,"column":36}},"103":{"start":{"line":104,"column":0},"end":{"line":104,"column":37}},"104":{"start":{"line":105,"column":0},"end":{"line":105,"column":8}},"105":{"start":{"line":106,"column":0},"end":{"line":106,"column":54}},"106":{"start":{"line":107,"column":0},"end":{"line":107,"column":30}},"107":{"start":{"line":108,"column":0},"end":{"line":108,"column":67}},"108":{"start":{"line":109,"column":0},"end":{"line":109,"column":9}},"109":{"start":{"line":110,"column":0},"end":{"line":110,"column":0}},"110":{"start":{"line":111,"column":0},"end":{"line":111,"column":11}},"111":{"start":{"line":112,"column":0},"end":{"line":112,"column":44}},"112":{"start":{"line":113,"column":0},"end":{"line":113,"column":29}},"113":{"start":{"line":114,"column":0},"end":{"line":114,"column":8}},"114":{"start":{"line":115,"column":0},"end":{"line":115,"column":54}},"115":{"start":{"line":116,"column":0},"end":{"line":116,"column":30}},"116":{"start":{"line":117,"column":0},"end":{"line":117,"column":36}},"117":{"start":{"line":118,"column":0},"end":{"line":118,"column":37}},"118":{"start":{"line":119,"column":0},"end":{"line":119,"column":8}},"119":{"start":{"line":120,"column":0},"end":{"line":120,"column":45}},"120":{"start":{"line":121,"column":0},"end":{"line":121,"column":30}},"121":{"start":{"line":122,"column":0},"end":{"line":122,"column":26}},"122":{"start":{"line":123,"column":0},"end":{"line":123,"column":38}},"123":{"start":{"line":124,"column":0},"end":{"line":124,"column":9}},"124":{"start":{"line":125,"column":0},"end":{"line":125,"column":0}},"125":{"start":{"line":126,"column":0},"end":{"line":126,"column":50}},"126":{"start":{"line":127,"column":0},"end":{"line":127,"column":24}},"127":{"start":{"line":128,"column":0},"end":{"line":128,"column":36}},"128":{"start":{"line":129,"column":0},"end":{"line":129,"column":25}},"129":{"start":{"line":130,"column":0},"end":{"line":130,"column":7}},"130":{"start":{"line":131,"column":0},"end":{"line":131,"column":0}},"131":{"start":{"line":132,"column":0},"end":{"line":132,"column":11}},"132":{"start":{"line":133,"column":0},"end":{"line":133,"column":47}},"133":{"start":{"line":134,"column":0},"end":{"line":134,"column":29}},"134":{"start":{"line":135,"column":0},"end":{"line":135,"column":27}},"135":{"start":{"line":136,"column":0},"end":{"line":136,"column":8}},"136":{"start":{"line":137,"column":0},"end":{"line":137,"column":57}},"137":{"start":{"line":138,"column":0},"end":{"line":138,"column":30}},"138":{"start":{"line":139,"column":0},"end":{"line":139,"column":36}},"139":{"start":{"line":140,"column":0},"end":{"line":140,"column":8}},"140":{"start":{"line":141,"column":0},"end":{"line":141,"column":56}},"141":{"start":{"line":142,"column":0},"end":{"line":142,"column":30}},"142":{"start":{"line":143,"column":0},"end":{"line":143,"column":73}},"143":{"start":{"line":144,"column":0},"end":{"line":144,"column":9}},"144":{"start":{"line":145,"column":0},"end":{"line":145,"column":3}},"145":{"start":{"line":146,"column":0},"end":{"line":146,"column":3}},"146":{"start":{"line":147,"column":0},"end":{"line":147,"column":0}},"147":{"start":{"line":148,"column":0},"end":{"line":148,"column":64}},"148":{"start":{"line":149,"column":0},"end":{"line":149,"column":74}},"149":{"start":{"line":150,"column":0},"end":{"line":150,"column":70}},"150":{"start":{"line":151,"column":0},"end":{"line":151,"column":58}},"151":{"start":{"line":152,"column":0},"end":{"line":152,"column":29}},"152":{"start":{"line":153,"column":0},"end":{"line":153,"column":0}},"153":{"start":{"line":154,"column":0},"end":{"line":154,"column":48}},"154":{"start":{"line":155,"column":0},"end":{"line":155,"column":33}}},"s":{"0":1,"1":1,"2":1,"3":1,"4":1,"5":1,"6":1,"7":1,"8":1,"9":1,"10":1,"11":1,"12":1,"13":1,"14":1,"15":1,"16":1,"17":1,"18":1,"19":1,"20":1,"21":1,"22":1,"23":1,"24":1,"25":1,"26":1,"27":1,"28":1,"29":1,"30":1,"31":0,"32":0,"33":0,"34":0,"35":0,"36":1,"37":1,"38":1,"39":1,"40":1,"41":0,"42":0,"43":0,"44":0,"45":0,"46":1,"47":1,"48":1,"49":0,"50":0,"51":1,"52":1,"53":1,"54":0,"55":0,"56":0,"57":0,"58":0,"59":0,"60":0,"61":1,"62":1,"63":1,"64":1,"65":1,"66":0,"67":0,"68":0,"69":1,"70":1,"71":1,"72":1,"73":1,"74":1,"75":1,"76":0,"77":0,"78":1,"79":1,"80":1,"81":1,"82":0,"83":0,"84":1,"85":1,"86":0,"87":0,"88":0,"89":1,"90":1,"91":0,"92":0,"93":1,"94":1,"95":1,"96":1,"97":0,"98":0,"99":1,"100":1,"101":0,"102":0,"103":0,"104":1,"105":1,"106":0,"107":0,"108":1,"109":1,"110":1,"111":1,"112":0,"113":1,"114":1,"115":0,"116":0,"117":0,"118":1,"119":1,"120":0,"121":0,"122":0,"123":1,"124":1,"125":1,"126":0,"127":0,"128":0,"129":1,"130":1,"131":1,"132":1,"133":0,"134":0,"135":1,"136":1,"137":0,"138":0,"139":1,"140":1,"141":0,"142":0,"143":1,"144":1,"145":1,"146":1,"147":1,"148":1,"149":1,"150":1,"151":0,"152":1,"153":1,"154":1},"branchMap":{"0":{"type":"branch","line":80,"loc":{"start":{"line":80,"column":17},"end":{"line":145,"column":3}},"locations":[{"start":{"line":80,"column":17},"end":{"line":145,"column":3}}]}},"b":{"0":[1]},"fnMap":{"0":{"name":"clearError","decl":{"start":{"line":76,"column":16},"end":{"line":78,"column":5}},"loc":{"start":{"line":76,"column":16},"end":{"line":78,"column":5}},"line":76},"1":{"name":"extraReducers","decl":{"start":{"line":80,"column":17},"end":{"line":145,"column":3}},"loc":{"start":{"line":80,"column":17},"end":{"line":145,"column":3}},"line":80},"2":{"name":"selectUser","decl":{"start":{"line":148,"column":26},"end":{"line":148,"column":53}},"loc":{"start":{"line":148,"column":26},"end":{"line":148,"column":53}},"line":148},"3":{"name":"selectAuthLoading","decl":{"start":{"line":149,"column":33},"end":{"line":149,"column":60}},"loc":{"start":{"line":149,"column":33},"end":{"line":149,"column":60}},"line":149},"4":{"name":"selectAuthError","decl":{"start":{"line":150,"column":31},"end":{"line":150,"column":58}},"loc":{"start":{"line":150,"column":31},"end":{"line":150,"column":58}},"line":150},"5":{"name":"selectIsAuthenticated","decl":{"start":{"line":151,"column":37},"end":{"line":152,"column":29}},"loc":{"start":{"line":151,"column":37},"end":{"line":152,"column":29}},"line":151}},"f":{"0":0,"1":1,"2":0,"3":0,"4":0,"5":0}}
,"/Users/temwin/stellar-burgers/src/services/slices/burgerConstructorSlice.ts": {"path":"/Users/temwin/stellar-burgers/src/services/slices/burgerConstructorSlice.ts","all":false,"statementMap":{"0":{"start":{"line":1,"column":0},"end":{"line":1,"column":8}},"1":{"start":{"line":2,"column":0},"end":{"line":2,"column":14}},"2":{"start":{"line":3,"column":0},"end":{"line":3,"column":19}},"3":{"start":{"line":4,"column":0},"end":{"line":4,"column":16}},"4":{"start":{"line":5,"column":0},"end":{"line":5,"column":8}},"5":{"start":{"line":6,"column":0},"end":{"line":6,"column":26}},"6":{"start":{"line":7,"column":0},"end":{"line":7,"column":75}},"7":{"start":{"line":8,"column":0},"end":{"line":8,"column":38}},"8":{"start":{"line":9,"column":0},"end":{"line":9,"column":37}},"9":{"start":{"line":10,"column":0},"end":{"line":10,"column":0}},"10":{"start":{"line":11,"column":0},"end":{"line":11,"column":34}},"11":{"start":{"line":12,"column":0},"end":{"line":12,"column":26}},"12":{"start":{"line":13,"column":0},"end":{"line":13,"column":40}},"13":{"start":{"line":14,"column":0},"end":{"line":14,"column":23}},"14":{"start":{"line":15,"column":0},"end":{"line":15,"column":19}},"15":{"start":{"line":16,"column":0},"end":{"line":16,"column":23}},"16":{"start":{"line":17,"column":0},"end":{"line":17,"column":1}},"17":{"start":{"line":18,"column":0},"end":{"line":18,"column":0}},"18":{"start":{"line":19,"column":0},"end":{"line":19,"column":46}},"19":{"start":{"line":20,"column":0},"end":{"line":20,"column":12}},"20":{"start":{"line":21,"column":0},"end":{"line":21,"column":18}},"21":{"start":{"line":22,"column":0},"end":{"line":22,"column":14}},"22":{"start":{"line":23,"column":0},"end":{"line":23,"column":17}},"23":{"start":{"line":24,"column":0},"end":{"line":24,"column":13}},"24":{"start":{"line":25,"column":0},"end":{"line":25,"column":2}},"25":{"start":{"line":26,"column":0},"end":{"line":26,"column":0}},"26":{"start":{"line":27,"column":0},"end":{"line":27,"column":40}},"27":{"start":{"line":28,"column":0},"end":{"line":28,"column":44}},"28":{"start":{"line":29,"column":0},"end":{"line":29,"column":34}},"29":{"start":{"line":30,"column":0},"end":{"line":30,"column":38}},"30":{"start":{"line":31,"column":0},"end":{"line":31,"column":57}},"31":{"start":{"line":32,"column":0},"end":{"line":32,"column":26}},"32":{"start":{"line":33,"column":0},"end":{"line":33,"column":3}},"33":{"start":{"line":34,"column":0},"end":{"line":34,"column":2}},"34":{"start":{"line":35,"column":0},"end":{"line":35,"column":0}},"35":{"start":{"line":36,"column":0},"end":{"line":36,"column":51}},"36":{"start":{"line":37,"column":0},"end":{"line":37,"column":28}},"37":{"start":{"line":38,"column":0},"end":{"line":38,"column":15}},"38":{"start":{"line":39,"column":0},"end":{"line":39,"column":13}},"39":{"start":{"line":40,"column":0},"end":{"line":40,"column":78}},"40":{"start":{"line":41,"column":0},"end":{"line":41,"column":45}},"41":{"start":{"line":42,"column":0},"end":{"line":42,"column":6}},"42":{"start":{"line":43,"column":0},"end":{"line":43,"column":0}},"43":{"start":{"line":44,"column":0},"end":{"line":44,"column":60}},"44":{"start":{"line":45,"column":0},"end":{"line":45,"column":33}},"45":{"start":{"line":46,"column":0},"end":{"line":46,"column":6}},"46":{"start":{"line":47,"column":0},"end":{"line":47,"column":0}},"47":{"start":{"line":48,"column":0},"end":{"line":48,"column":65}},"48":{"start":{"line":49,"column":0},"end":{"line":49,"column":50}},"49":{"start":{"line":50,"column":0},"end":{"line":50,"column":6}},"50":{"start":{"line":51,"column":0},"end":{"line":51,"column":0}},"51":{"start":{"line":52,"column":0},"end":{"line":52,"column":21}},"52":{"start":{"line":53,"column":0},"end":{"line":53,"column":12}},"53":{"start":{"line":54,"column":0},"end":{"line":54,"column":67}},"54":{"start":{"line":55,"column":0},"end":{"line":55,"column":10}},"55":{"start":{"line":56,"column":0},"end":{"line":56,"column":52}},"56":{"start":{"line":57,"column":0},"end":{"line":57,"column":70}},"57":{"start":{"line":58,"column":0},"end":{"line":58,"column":59}},"58":{"start":{"line":59,"column":0},"end":{"line":59,"column":6}},"59":{"start":{"line":60,"column":0},"end":{"line":60,"column":0}},"60":{"start":{"line":61,"column":0},"end":{"line":61,"column":34}},"61":{"start":{"line":62,"column":0},"end":{"line":62,"column":23}},"62":{"start":{"line":63,"column":0},"end":{"line":63,"column":29}},"63":{"start":{"line":64,"column":0},"end":{"line":64,"column":25}},"64":{"start":{"line":65,"column":0},"end":{"line":65,"column":25}},"65":{"start":{"line":66,"column":0},"end":{"line":66,"column":5}},"66":{"start":{"line":67,"column":0},"end":{"line":67,"column":4}},"67":{"start":{"line":68,"column":0},"end":{"line":68,"column":31}},"68":{"start":{"line":69,"column":0},"end":{"line":69,"column":11}},"69":{"start":{"line":70,"column":0},"end":{"line":70,"column":48}},"70":{"start":{"line":71,"column":0},"end":{"line":71,"column":29}},"71":{"start":{"line":72,"column":0},"end":{"line":72,"column":27}},"72":{"start":{"line":73,"column":0},"end":{"line":73,"column":8}},"73":{"start":{"line":74,"column":0},"end":{"line":74,"column":58}},"74":{"start":{"line":75,"column":0},"end":{"line":75,"column":30}},"75":{"start":{"line":76,"column":0},"end":{"line":76,"column":37}},"76":{"start":{"line":77,"column":0},"end":{"line":77,"column":25}},"77":{"start":{"line":78,"column":0},"end":{"line":78,"column":31}},"78":{"start":{"line":79,"column":0},"end":{"line":79,"column":8}},"79":{"start":{"line":80,"column":0},"end":{"line":80,"column":57}},"80":{"start":{"line":81,"column":0},"end":{"line":81,"column":30}},"81":{"start":{"line":82,"column":0},"end":{"line":82,"column":75}},"82":{"start":{"line":83,"column":0},"end":{"line":83,"column":9}},"83":{"start":{"line":84,"column":0},"end":{"line":84,"column":3}},"84":{"start":{"line":85,"column":0},"end":{"line":85,"column":3}},"85":{"start":{"line":86,"column":0},"end":{"line":86,"column":0}},"86":{"start":{"line":87,"column":0},"end":{"line":87,"column":65}},"87":{"start":{"line":88,"column":0},"end":{"line":88,"column":52}},"88":{"start":{"line":89,"column":0},"end":{"line":89,"column":18}},"89":{"start":{"line":90,"column":0},"end":{"line":90,"column":16}},"90":{"start":{"line":91,"column":0},"end":{"line":91,"column":4}},"91":{"start":{"line":92,"column":0},"end":{"line":92,"column":0}},"92":{"start":{"line":93,"column":0},"end":{"line":93,"column":72}},"93":{"start":{"line":94,"column":0},"end":{"line":94,"column":2}},"94":{"start":{"line":95,"column":0},"end":{"line":95,"column":0}},"95":{"start":{"line":96,"column":0},"end":{"line":96,"column":14}},"96":{"start":{"line":97,"column":0},"end":{"line":97,"column":9}},"97":{"start":{"line":98,"column":0},"end":{"line":98,"column":16}},"98":{"start":{"line":99,"column":0},"end":{"line":99,"column":19}},"99":{"start":{"line":100,"column":0},"end":{"line":100,"column":17}},"100":{"start":{"line":101,"column":0},"end":{"line":101,"column":18}},"101":{"start":{"line":102,"column":0},"end":{"line":102,"column":35}},"102":{"start":{"line":103,"column":0},"end":{"line":103,"column":0}},"103":{"start":{"line":104,"column":0},"end":{"line":104,"column":75}},"104":{"start":{"line":105,"column":0},"end":{"line":105,"column":0}},"105":{"start":{"line":106,"column":0},"end":{"line":106,"column":65}},"106":{"start":{"line":107,"column":0},"end":{"line":107,"column":38}},"107":{"start":{"line":108,"column":0},"end":{"line":108,"column":0}},"108":{"start":{"line":109,"column":0},"end":{"line":109,"column":59}},"109":{"start":{"line":110,"column":0},"end":{"line":110,"column":32}},"110":{"start":{"line":111,"column":0},"end":{"line":111,"column":0}},"111":{"start":{"line":112,"column":0},"end":{"line":112,"column":59}},"112":{"start":{"line":113,"column":0},"end":{"line":113,"column":32}},"113":{"start":{"line":114,"column":0},"end":{"line":114,"column":0}},"114":{"start":{"line":115,"column":0},"end":{"line":115,"column":61}},"115":{"start":{"line":116,"column":0},"end":{"line":116,"column":34}},"116":{"start":{"line":117,"column":0},"end":{"line":117,"column":0}},"117":{"start":{"line":118,"column":0},"end":{"line":118,"column":46}}},"s":{"0":1,"1":1,"2":1,"3":1,"4":1,"5":1,"6":1,"7":1,"8":1,"9":1,"10":1,"11":1,"12":1,"13":1,"14":1,"15":1,"16":1,"17":1,"18":1,"19":1,"20":1,"21":1,"22":1,"23":1,"24":1,"25":1,"26":1,"27":1,"28":1,"29":1,"30":0,"31":0,"32":0,"33":1,"34":1,"35":1,"36":1,"37":1,"38":1,"39":1,"40":0,"41":1,"42":1,"43":1,"44":1,"45":1,"46":1,"47":1,"48":1,"49":1,"50":1,"51":1,"52":1,"53":1,"54":1,"55":1,"56":1,"57":1,"58":1,"59":1,"60":1,"61":0,"62":0,"63":0,"64":0,"65":0,"66":1,"67":1,"68":2,"69":2,"70":0,"71":0,"72":2,"73":2,"74":0,"75":0,"76":0,"77":0,"78":2,"79":2,"80":0,"81":0,"82":2,"83":2,"84":1,"85":1,"86":1,"87":0,"88":0,"89":0,"90":0,"91":0,"92":0,"93":0,"94":1,"95":1,"96":1,"97":1,"98":1,"99":1,"100":1,"101":1,"102":1,"103":1,"104":1,"105":1,"106":0,"107":1,"108":1,"109":0,"110":1,"111":1,"112":0,"113":1,"114":1,"115":0,"116":1,"117":1},"branchMap":{"0":{"type":"branch","line":44,"loc":{"start":{"line":44,"column":12},"end":{"line":46,"column":5}},"locations":[{"start":{"line":44,"column":12},"end":{"line":46,"column":5}}]},"1":{"type":"branch","line":48,"loc":{"start":{"line":48,"column":22},"end":{"line":50,"column":5}},"locations":[{"start":{"line":48,"column":22},"end":{"line":50,"column":5}}]},"2":{"type":"branch","line":52,"loc":{"start":{"line":52,"column":20},"end":{"line":59,"column":5}},"locations":[{"start":{"line":52,"column":20},"end":{"line":59,"column":5}}]},"3":{"type":"branch","line":68,"loc":{"start":{"line":68,"column":17},"end":{"line":84,"column":3}},"locations":[{"start":{"line":68,"column":17},"end":{"line":84,"column":3}}]}},"b":{"0":[1],"1":[1],"2":[1],"3":[2]},"fnMap":{"0":{"name":"addIngredient","decl":{"start":{"line":40,"column":19},"end":{"line":42,"column":5}},"loc":{"start":{"line":40,"column":19},"end":{"line":42,"column":5}},"line":40},"1":{"name":"addBun","decl":{"start":{"line":44,"column":12},"end":{"line":46,"column":5}},"loc":{"start":{"line":44,"column":12},"end":{"line":46,"column":5}},"line":44},"2":{"name":"removeIngredient","decl":{"start":{"line":48,"column":22},"end":{"line":50,"column":5}},"loc":{"start":{"line":48,"column":22},"end":{"line":50,"column":5}},"line":48},"3":{"name":"moveIngredient","decl":{"start":{"line":52,"column":20},"end":{"line":59,"column":5}},"loc":{"start":{"line":52,"column":20},"end":{"line":59,"column":5}},"line":52},"4":{"name":"clearConstructor","decl":{"start":{"line":61,"column":22},"end":{"line":66,"column":5}},"loc":{"start":{"line":61,"column":22},"end":{"line":66,"column":5}},"line":61},"5":{"name":"extraReducers","decl":{"start":{"line":68,"column":17},"end":{"line":84,"column":3}},"loc":{"start":{"line":68,"column":17},"end":{"line":84,"column":3}},"line":68},"6":{"name":"addIngredientWithId","decl":{"start":{"line":87,"column":35},"end":{"line":94,"column":2}},"loc":{"start":{"line":87,"column":35},"end":{"line":94,"column":2}},"line":87},"7":{"name":"selectBun","decl":{"start":{"line":104,"column":25},"end":{"line":104,"column":52}},"loc":{"start":{"line":104,"column":25},"end":{"line":104,"column":52}},"line":104},"8":{"name":"selectConstructorIngredients","decl":{"start":{"line":106,"column":44},"end":{"line":107,"column":38}},"loc":{"start":{"line":106,"column":44},"end":{"line":107,"column":38}},"line":106},"9":{"name":"selectConstructorOrder","decl":{"start":{"line":109,"column":38},"end":{"line":110,"column":32}},"loc":{"start":{"line":109,"column":38},"end":{"line":110,"column":32}},"line":109},"10":{"name":"selectConstructorError","decl":{"start":{"line":112,"column":38},"end":{"line":113,"column":32}},"loc":{"start":{"line":112,"column":38},"end":{"line":113,"column":32}},"line":112},"11":{"name":"selectConstructorLoading","decl":{"start":{"line":115,"column":40},"end":{"line":116,"column":34}},"loc":{"start":{"line":115,"column":40},"end":{"line":116,"column":34}},"line":115}},"f":{"0":0,"1":1,"2":1,"3":1,"4":0,"5":2,"6":0,"7":0,"8":0,"9":0,"10":0,"11":0}}
,"/Users/temwin/stellar-burgers/src/services/slices/ingredientsSlice.ts": {"path":"/Users/temwin/stellar-burgers/src/services/slices/ingredientsSlice.ts","all":false,"statementMap":{"0":{"start":{"line":1,"column":0},"end":{"line":1,"column":65}},"1":{"start":{"line":2,"column":0},"end":{"line":2,"column":41}},"2":{"start":{"line":3,"column":0},"end":{"line":3,"column":43}},"3":{"start":{"line":4,"column":0},"end":{"line":4,"column":37}},"4":{"start":{"line":5,"column":0},"end":{"line":5,"column":0}},"5":{"start":{"line":6,"column":0},"end":{"line":6,"column":49}},"6":{"start":{"line":7,"column":0},"end":{"line":7,"column":25}},"7":{"start":{"line":8,"column":0},"end":{"line":8,"column":19}},"8":{"start":{"line":9,"column":0},"end":{"line":9,"column":2}},"9":{"start":{"line":10,"column":0},"end":{"line":10,"column":0}},"10":{"start":{"line":11,"column":0},"end":{"line":11,"column":28}},"11":{"start":{"line":12,"column":0},"end":{"line":12,"column":23}},"12":{"start":{"line":13,"column":0},"end":{"line":13,"column":19}},"13":{"start":{"line":14,"column":0},"end":{"line":14,"column":23}},"14":{"start":{"line":15,"column":0},"end":{"line":15,"column":1}},"15":{"start":{"line":16,"column":0},"end":{"line":16,"column":0}},"16":{"start":{"line":17,"column":0},"end":{"line":17,"column":40}},"17":{"start":{"line":18,"column":0},"end":{"line":18,"column":12}},"18":{"start":{"line":19,"column":0},"end":{"line":19,"column":17}},"19":{"start":{"line":20,"column":0},"end":{"line":20,"column":13}},"20":{"start":{"line":21,"column":0},"end":{"line":21,"column":2}},"21":{"start":{"line":22,"column":0},"end":{"line":22,"column":0}},"22":{"start":{"line":23,"column":0},"end":{"line":23,"column":38}},"23":{"start":{"line":24,"column":0},"end":{"line":24,"column":40}},"24":{"start":{"line":25,"column":0},"end":{"line":25,"column":38}},"25":{"start":{"line":26,"column":0},"end":{"line":26,"column":13}},"26":{"start":{"line":27,"column":0},"end":{"line":27,"column":26}},"27":{"start":{"line":28,"column":0},"end":{"line":28,"column":4}},"28":{"start":{"line":29,"column":0},"end":{"line":29,"column":31}},"29":{"start":{"line":30,"column":0},"end":{"line":30,"column":32}},"30":{"start":{"line":31,"column":0},"end":{"line":31,"column":11}},"31":{"start":{"line":32,"column":0},"end":{"line":32,"column":26}},"32":{"start":{"line":33,"column":0},"end":{"line":33,"column":53}},"33":{"start":{"line":34,"column":0},"end":{"line":34,"column":29}},"34":{"start":{"line":35,"column":0},"end":{"line":35,"column":27}},"35":{"start":{"line":36,"column":0},"end":{"line":36,"column":8}},"36":{"start":{"line":37,"column":0},"end":{"line":37,"column":0}},"37":{"start":{"line":38,"column":0},"end":{"line":38,"column":44}},"38":{"start":{"line":39,"column":0},"end":{"line":39,"column":63}},"39":{"start":{"line":40,"column":0},"end":{"line":40,"column":30}},"40":{"start":{"line":41,"column":0},"end":{"line":41,"column":37}},"41":{"start":{"line":42,"column":0},"end":{"line":42,"column":8}},"42":{"start":{"line":43,"column":0},"end":{"line":43,"column":0}},"43":{"start":{"line":44,"column":0},"end":{"line":44,"column":35}},"44":{"start":{"line":45,"column":0},"end":{"line":45,"column":62}},"45":{"start":{"line":46,"column":0},"end":{"line":46,"column":30}},"46":{"start":{"line":47,"column":0},"end":{"line":47,"column":77}},"47":{"start":{"line":48,"column":0},"end":{"line":48,"column":9}},"48":{"start":{"line":49,"column":0},"end":{"line":49,"column":3}},"49":{"start":{"line":50,"column":0},"end":{"line":50,"column":3}},"50":{"start":{"line":51,"column":0},"end":{"line":51,"column":0}},"51":{"start":{"line":52,"column":0},"end":{"line":52,"column":79}},"52":{"start":{"line":53,"column":0},"end":{"line":53,"column":61}},"53":{"start":{"line":54,"column":0},"end":{"line":54,"column":28}},"54":{"start":{"line":55,"column":0},"end":{"line":55,"column":59}},"55":{"start":{"line":56,"column":0},"end":{"line":56,"column":26}},"56":{"start":{"line":57,"column":0},"end":{"line":57,"column":0}},"57":{"start":{"line":58,"column":0},"end":{"line":58,"column":40}}},"s":{"0":1,"1":1,"2":1,"3":1,"4":1,"5":1,"6":1,"7":1,"8":1,"9":1,"10":1,"11":1,"12":1,"13":1,"14":1,"15":1,"16":1,"17":1,"18":1,"19":1,"20":1,"21":1,"22":1,"23":1,"24":1,"25":1,"26":1,"27":1,"28":1,"29":2,"30":2,"31":2,"32":2,"33":1,"34":1,"35":2,"36":2,"37":2,"38":2,"39":1,"40":1,"41":2,"42":2,"43":2,"44":2,"45":1,"46":1,"47":2,"48":2,"49":1,"50":1,"51":1,"52":1,"53":0,"54":1,"55":0,"56":1,"57":1},"branchMap":{"0":{"type":"branch","line":29,"loc":{"start":{"line":29,"column":17},"end":{"line":49,"column":3}},"locations":[{"start":{"line":29,"column":17},"end":{"line":49,"column":3}}]},"1":{"type":"branch","line":33,"loc":{"start":{"line":33,"column":41},"end":{"line":36,"column":7}},"locations":[{"start":{"line":33,"column":41},"end":{"line":36,"column":7}}]},"2":{"type":"branch","line":39,"loc":{"start":{"line":39,"column":43},"end":{"line":42,"column":7}},"locations":[{"start":{"line":39,"column":43},"end":{"line":42,"column":7}}]},"3":{"type":"branch","line":45,"loc":{"start":{"line":45,"column":42},"end":{"line":48,"column":7}},"locations":[{"start":{"line":45,"column":42},"end":{"line":48,"column":7}}]},"4":{"type":"branch","line":47,"loc":{"start":{"line":47,"column":42},"end":{"line":47,"column":76}},"locations":[{"start":{"line":47,"column":42},"end":{"line":47,"column":76}}]}},"b":{"0":[2],"1":[1],"2":[1],"3":[1],"4":[0]},"fnMap":{"0":{"name":"extraReducers","decl":{"start":{"line":29,"column":17},"end":{"line":49,"column":3}},"loc":{"start":{"line":29,"column":17},"end":{"line":49,"column":3}},"line":29},"1":{"name":"selectIngredients","decl":{"start":{"line":52,"column":33},"end":{"line":52,"column":60}},"loc":{"start":{"line":52,"column":33},"end":{"line":52,"column":60}},"line":52},"2":{"name":"selectIngredientsLoading","decl":{"start":{"line":53,"column":40},"end":{"line":54,"column":28}},"loc":{"start":{"line":53,"column":40},"end":{"line":54,"column":28}},"line":53},"3":{"name":"selectIngredientsError","decl":{"start":{"line":55,"column":38},"end":{"line":56,"column":26}},"loc":{"start":{"line":55,"column":38},"end":{"line":56,"column":26}},"line":55}},"f":{"0":2,"1":0,"2":0,"3":0}}
,"/Users/temwin/stellar-burgers/src/services/slices/orderSlice.ts": {"path":"/Users/temwin/stellar-burgers/src/services/slices/orderSlice.ts","all":false,"statementMap":{"0":{"start":{"line":1,"column":0},"end":{"line":1,"column":80}},"1":{"start":{"line":2,"column":0},"end":{"line":2,"column":70}},"2":{"start":{"line":3,"column":0},"end":{"line":3,"column":38}},"3":{"start":{"line":4,"column":0},"end":{"line":4,"column":50}},"4":{"start":{"line":5,"column":0},"end":{"line":5,"column":43}},"5":{"start":{"line":6,"column":0},"end":{"line":6,"column":0}},"6":{"start":{"line":7,"column":0},"end":{"line":7,"column":22}},"7":{"start":{"line":8,"column":0},"end":{"line":8,"column":19}},"8":{"start":{"line":9,"column":0},"end":{"line":9,"column":28}},"9":{"start":{"line":10,"column":0},"end":{"line":10,"column":21}},"10":{"start":{"line":11,"column":0},"end":{"line":11,"column":23}},"11":{"start":{"line":12,"column":0},"end":{"line":12,"column":16}},"12":{"start":{"line":13,"column":0},"end":{"line":13,"column":21}},"13":{"start":{"line":14,"column":0},"end":{"line":14,"column":1}},"14":{"start":{"line":15,"column":0},"end":{"line":15,"column":0}},"15":{"start":{"line":16,"column":0},"end":{"line":16,"column":34}},"16":{"start":{"line":17,"column":0},"end":{"line":17,"column":13}},"17":{"start":{"line":18,"column":0},"end":{"line":18,"column":19}},"18":{"start":{"line":19,"column":0},"end":{"line":19,"column":19}},"19":{"start":{"line":20,"column":0},"end":{"line":20,"column":14}},"20":{"start":{"line":21,"column":0},"end":{"line":21,"column":11}},"21":{"start":{"line":22,"column":0},"end":{"line":22,"column":15}},"22":{"start":{"line":23,"column":0},"end":{"line":23,"column":2}},"23":{"start":{"line":24,"column":0},"end":{"line":24,"column":0}},"24":{"start":{"line":25,"column":0},"end":{"line":25,"column":51}},"25":{"start":{"line":26,"column":0},"end":{"line":26,"column":24}},"26":{"start":{"line":27,"column":0},"end":{"line":27,"column":34}},"27":{"start":{"line":28,"column":0},"end":{"line":28,"column":9}},"28":{"start":{"line":29,"column":0},"end":{"line":29,"column":70}},"29":{"start":{"line":30,"column":0},"end":{"line":30,"column":39}},"30":{"start":{"line":31,"column":0},"end":{"line":31,"column":19}},"31":{"start":{"line":32,"column":0},"end":{"line":32,"column":26}},"32":{"start":{"line":33,"column":0},"end":{"line":33,"column":65}},"33":{"start":{"line":34,"column":0},"end":{"line":34,"column":5}},"34":{"start":{"line":35,"column":0},"end":{"line":35,"column":3}},"35":{"start":{"line":36,"column":0},"end":{"line":36,"column":2}},"36":{"start":{"line":37,"column":0},"end":{"line":37,"column":0}},"37":{"start":{"line":38,"column":0},"end":{"line":38,"column":48}},"38":{"start":{"line":39,"column":0},"end":{"line":39,"column":11}},"39":{"start":{"line":40,"column":0},"end":{"line":40,"column":7}},"40":{"start":{"line":41,"column":0},"end":{"line":41,"column":3}},"41":{"start":{"line":42,"column":0},"end":{"line":42,"column":26}},"42":{"start":{"line":43,"column":0},"end":{"line":43,"column":21}},"43":{"start":{"line":44,"column":0},"end":{"line":44,"column":24}},"44":{"start":{"line":45,"column":0},"end":{"line":45,"column":3}},"45":{"start":{"line":46,"column":0},"end":{"line":46,"column":51}},"46":{"start":{"line":47,"column":0},"end":{"line":47,"column":7}},"47":{"start":{"line":48,"column":0},"end":{"line":48,"column":40}},"48":{"start":{"line":49,"column":0},"end":{"line":49,"column":18}},"49":{"start":{"line":50,"column":0},"end":{"line":50,"column":24}},"50":{"start":{"line":51,"column":0},"end":{"line":51,"column":36}},"51":{"start":{"line":52,"column":0},"end":{"line":52,"column":57}},"52":{"start":{"line":53,"column":0},"end":{"line":53,"column":6}},"53":{"start":{"line":54,"column":0},"end":{"line":54,"column":3}},"54":{"start":{"line":55,"column":0},"end":{"line":55,"column":3}},"55":{"start":{"line":56,"column":0},"end":{"line":56,"column":0}},"56":{"start":{"line":57,"column":0},"end":{"line":57,"column":47}},"57":{"start":{"line":58,"column":0},"end":{"line":58,"column":58}},"58":{"start":{"line":59,"column":0},"end":{"line":59,"column":7}},"59":{"start":{"line":60,"column":0},"end":{"line":60,"column":3}},"60":{"start":{"line":61,"column":0},"end":{"line":61,"column":26}},"61":{"start":{"line":62,"column":0},"end":{"line":62,"column":21}},"62":{"start":{"line":63,"column":0},"end":{"line":63,"column":24}},"63":{"start":{"line":64,"column":0},"end":{"line":64,"column":3}},"64":{"start":{"line":65,"column":0},"end":{"line":65,"column":50}},"65":{"start":{"line":66,"column":0},"end":{"line":66,"column":7}},"66":{"start":{"line":67,"column":0},"end":{"line":67,"column":41}},"67":{"start":{"line":68,"column":0},"end":{"line":68,"column":12}},"68":{"start":{"line":69,"column":0},"end":{"line":69,"column":36}},"69":{"start":{"line":70,"column":0},"end":{"line":70,"column":33}},"70":{"start":{"line":71,"column":0},"end":{"line":71,"column":42}},"71":{"start":{"line":72,"column":0},"end":{"line":72,"column":6}},"72":{"start":{"line":73,"column":0},"end":{"line":73,"column":24}},"73":{"start":{"line":74,"column":0},"end":{"line":74,"column":36}},"74":{"start":{"line":75,"column":0},"end":{"line":75,"column":55}},"75":{"start":{"line":76,"column":0},"end":{"line":76,"column":6}},"76":{"start":{"line":77,"column":0},"end":{"line":77,"column":3}},"77":{"start":{"line":78,"column":0},"end":{"line":78,"column":3}},"78":{"start":{"line":79,"column":0},"end":{"line":79,"column":0}},"79":{"start":{"line":80,"column":0},"end":{"line":80,"column":32}},"80":{"start":{"line":81,"column":0},"end":{"line":81,"column":16}},"81":{"start":{"line":82,"column":0},"end":{"line":82,"column":15}},"82":{"start":{"line":83,"column":0},"end":{"line":83,"column":13}},"83":{"start":{"line":84,"column":0},"end":{"line":84,"column":69}},"84":{"start":{"line":85,"column":0},"end":{"line":85,"column":40}},"85":{"start":{"line":86,"column":0},"end":{"line":86,"column":6}},"86":{"start":{"line":87,"column":0},"end":{"line":87,"column":28}},"87":{"start":{"line":88,"column":0},"end":{"line":88,"column":25}},"88":{"start":{"line":89,"column":0},"end":{"line":89,"column":6}},"89":{"start":{"line":90,"column":0},"end":{"line":90,"column":32}},"90":{"start":{"line":91,"column":0},"end":{"line":91,"column":12}},"91":{"start":{"line":92,"column":0},"end":{"line":92,"column":29}},"92":{"start":{"line":93,"column":0},"end":{"line":93,"column":25}},"93":{"start":{"line":94,"column":0},"end":{"line":94,"column":22}},"94":{"start":{"line":95,"column":0},"end":{"line":95,"column":27}},"95":{"start":{"line":96,"column":0},"end":{"line":96,"column":8}},"96":{"start":{"line":97,"column":0},"end":{"line":97,"column":10}},"97":{"start":{"line":98,"column":0},"end":{"line":98,"column":43}},"98":{"start":{"line":99,"column":0},"end":{"line":99,"column":41}},"99":{"start":{"line":100,"column":0},"end":{"line":100,"column":51}},"100":{"start":{"line":101,"column":0},"end":{"line":101,"column":30}},"101":{"start":{"line":102,"column":0},"end":{"line":102,"column":6}},"102":{"start":{"line":103,"column":0},"end":{"line":103,"column":0}},"103":{"start":{"line":104,"column":0},"end":{"line":104,"column":80}},"104":{"start":{"line":105,"column":0},"end":{"line":105,"column":36}},"105":{"start":{"line":106,"column":0},"end":{"line":106,"column":30}},"106":{"start":{"line":107,"column":0},"end":{"line":107,"column":5}},"107":{"start":{"line":108,"column":0},"end":{"line":108,"column":4}},"108":{"start":{"line":109,"column":0},"end":{"line":109,"column":0}},"109":{"start":{"line":110,"column":0},"end":{"line":110,"column":31}},"110":{"start":{"line":111,"column":0},"end":{"line":111,"column":11}},"111":{"start":{"line":112,"column":0},"end":{"line":112,"column":55}},"112":{"start":{"line":113,"column":0},"end":{"line":113,"column":31}},"113":{"start":{"line":114,"column":0},"end":{"line":114,"column":27}},"114":{"start":{"line":115,"column":0},"end":{"line":115,"column":8}},"115":{"start":{"line":116,"column":0},"end":{"line":116,"column":65}},"116":{"start":{"line":117,"column":0},"end":{"line":117,"column":32}},"117":{"start":{"line":118,"column":0},"end":{"line":118,"column":42}},"118":{"start":{"line":119,"column":0},"end":{"line":119,"column":8}},"119":{"start":{"line":120,"column":0},"end":{"line":120,"column":64}},"120":{"start":{"line":121,"column":0},"end":{"line":121,"column":32}},"121":{"start":{"line":122,"column":0},"end":{"line":122,"column":71}},"122":{"start":{"line":123,"column":0},"end":{"line":123,"column":8}},"123":{"start":{"line":124,"column":0},"end":{"line":124,"column":0}},"124":{"start":{"line":125,"column":0},"end":{"line":125,"column":52}},"125":{"start":{"line":126,"column":0},"end":{"line":126,"column":31}},"126":{"start":{"line":127,"column":0},"end":{"line":127,"column":27}},"127":{"start":{"line":128,"column":0},"end":{"line":128,"column":8}},"128":{"start":{"line":129,"column":0},"end":{"line":129,"column":62}},"129":{"start":{"line":130,"column":0},"end":{"line":130,"column":32}},"130":{"start":{"line":131,"column":0},"end":{"line":131,"column":38}},"131":{"start":{"line":132,"column":0},"end":{"line":132,"column":27}},"132":{"start":{"line":133,"column":0},"end":{"line":133,"column":8}},"133":{"start":{"line":134,"column":0},"end":{"line":134,"column":61}},"134":{"start":{"line":135,"column":0},"end":{"line":135,"column":32}},"135":{"start":{"line":136,"column":0},"end":{"line":136,"column":74}},"136":{"start":{"line":137,"column":0},"end":{"line":137,"column":8}},"137":{"start":{"line":138,"column":0},"end":{"line":138,"column":0}},"138":{"start":{"line":139,"column":0},"end":{"line":139,"column":51}},"139":{"start":{"line":140,"column":0},"end":{"line":140,"column":31}},"140":{"start":{"line":141,"column":0},"end":{"line":141,"column":27}},"141":{"start":{"line":142,"column":0},"end":{"line":142,"column":8}},"142":{"start":{"line":143,"column":0},"end":{"line":143,"column":61}},"143":{"start":{"line":144,"column":0},"end":{"line":144,"column":32}},"144":{"start":{"line":145,"column":0},"end":{"line":145,"column":45}},"145":{"start":{"line":146,"column":0},"end":{"line":146,"column":43}},"146":{"start":{"line":147,"column":0},"end":{"line":147,"column":53}},"147":{"start":{"line":148,"column":0},"end":{"line":148,"column":27}},"148":{"start":{"line":149,"column":0},"end":{"line":149,"column":8}},"149":{"start":{"line":150,"column":0},"end":{"line":150,"column":60}},"150":{"start":{"line":151,"column":0},"end":{"line":151,"column":32}},"151":{"start":{"line":152,"column":0},"end":{"line":152,"column":72}},"152":{"start":{"line":153,"column":0},"end":{"line":153,"column":9}},"153":{"start":{"line":154,"column":0},"end":{"line":154,"column":3}},"154":{"start":{"line":155,"column":0},"end":{"line":155,"column":3}},"155":{"start":{"line":156,"column":0},"end":{"line":156,"column":0}},"156":{"start":{"line":157,"column":0},"end":{"line":157,"column":14}},"157":{"start":{"line":158,"column":0},"end":{"line":158,"column":16}},"158":{"start":{"line":159,"column":0},"end":{"line":159,"column":13}},"159":{"start":{"line":160,"column":0},"end":{"line":160,"column":28}},"160":{"start":{"line":161,"column":0},"end":{"line":161,"column":31}},"161":{"start":{"line":162,"column":0},"end":{"line":162,"column":23}},"162":{"start":{"line":163,"column":0},"end":{"line":163,"column":0}},"163":{"start":{"line":164,"column":0},"end":{"line":164,"column":34}},"164":{"start":{"line":165,"column":0},"end":{"line":165,"column":0}},"165":{"start":{"line":166,"column":0},"end":{"line":166,"column":69}},"166":{"start":{"line":167,"column":0},"end":{"line":167,"column":77}},"167":{"start":{"line":168,"column":0},"end":{"line":168,"column":78}},"168":{"start":{"line":169,"column":0},"end":{"line":169,"column":72}},"169":{"start":{"line":170,"column":0},"end":{"line":170,"column":73}},"170":{"start":{"line":171,"column":0},"end":{"line":171,"column":59}},"171":{"start":{"line":172,"column":0},"end":{"line":172,"column":25}}},"s":{"0":1,"1":1,"2":1,"3":1,"4":1,"5":1,"6":1,"7":1,"8":1,"9":1,"10":1,"11":1,"12":1,"13":1,"14":1,"15":1,"16":1,"17":1,"18":1,"19":1,"20":1,"21":1,"22":1,"23":1,"24":1,"25":1,"26":1,"27":0,"28":0,"29":0,"30":0,"31":0,"32":0,"33":0,"34":0,"35":1,"36":1,"37":1,"38":1,"39":1,"40":1,"41":1,"42":1,"43":1,"44":1,"45":1,"46":0,"47":0,"48":0,"49":0,"50":0,"51":0,"52":0,"53":0,"54":1,"55":1,"56":1,"57":1,"58":1,"59":1,"60":1,"61":1,"62":1,"63":1,"64":1,"65":0,"66":0,"67":0,"68":0,"69":0,"70":0,"71":0,"72":0,"73":0,"74":0,"75":0,"76":0,"77":1,"78":1,"79":1,"80":1,"81":1,"82":1,"83":1,"84":0,"85":1,"86":1,"87":0,"88":1,"89":1,"90":0,"91":0,"92":0,"93":0,"94":0,"95":0,"96":0,"97":0,"98":0,"99":0,"100":0,"101":1,"102":1,"103":1,"104":0,"105":0,"106":0,"107":1,"108":1,"109":1,"110":1,"111":1,"112":0,"113":0,"114":1,"115":1,"116":0,"117":0,"118":1,"119":1,"120":0,"121":0,"122":1,"123":1,"124":1,"125":0,"126":0,"127":1,"128":1,"129":0,"130":0,"131":0,"132":1,"133":1,"134":0,"135":0,"136":1,"137":1,"138":1,"139":0,"140":0,"141":1,"142":1,"143":0,"144":0,"145":0,"146":0,"147":0,"148":1,"149":1,"150":0,"151":0,"152":1,"153":1,"154":1,"155":1,"156":1,"157":1,"158":1,"159":1,"160":1,"161":1,"162":1,"163":1,"164":1,"165":1,"166":1,"167":1,"168":1,"169":1,"170":1,"171":0},"branchMap":{"0":{"type":"branch","line":110,"loc":{"start":{"line":110,"column":17},"end":{"line":154,"column":3}},"locations":[{"start":{"line":110,"column":17},"end":{"line":154,"column":3}}]}},"b":{"0":[1]},"fnMap":{"0":{"name":"setModalOrder","decl":{"start":{"line":84,"column":19},"end":{"line":86,"column":5}},"loc":{"start":{"line":84,"column":19},"end":{"line":86,"column":5}},"line":84},"1":{"name":"clearError","decl":{"start":{"line":87,"column":16},"end":{"line":89,"column":5}},"loc":{"start":{"line":87,"column":16},"end":{"line":89,"column":5}},"line":87},"2":{"name":"updateOrdersFromWebSocket","decl":{"start":{"line":90,"column":31},"end":{"line":102,"column":5}},"loc":{"start":{"line":90,"column":31},"end":{"line":102,"column":5}},"line":90},"3":{"name":"updateUserOrdersFromWebSocket","decl":{"start":{"line":104,"column":35},"end":{"line":107,"column":5}},"loc":{"start":{"line":104,"column":35},"end":{"line":107,"column":5}},"line":104},"4":{"name":"extraReducers","decl":{"start":{"line":110,"column":17},"end":{"line":154,"column":3}},"loc":{"start":{"line":110,"column":17},"end":{"line":154,"column":3}},"line":110},"5":{"name":"selectOrders","decl":{"start":{"line":166,"column":28},"end":{"line":166,"column":55}},"loc":{"start":{"line":166,"column":28},"end":{"line":166,"column":55}},"line":166},"6":{"name":"selectModalOrder","decl":{"start":{"line":167,"column":32},"end":{"line":167,"column":59}},"loc":{"start":{"line":167,"column":32},"end":{"line":167,"column":59}},"line":167},"7":{"name":"selectOrderLoading","decl":{"start":{"line":168,"column":34},"end":{"line":168,"column":61}},"loc":{"start":{"line":168,"column":34},"end":{"line":168,"column":61}},"line":168},"8":{"name":"selectOrderError","decl":{"start":{"line":169,"column":32},"end":{"line":169,"column":59}},"loc":{"start":{"line":169,"column":32},"end":{"line":169,"column":59}},"line":169},"9":{"name":"selectTotalOrders","decl":{"start":{"line":170,"column":33},"end":{"line":170,"column":60}},"loc":{"start":{"line":170,"column":33},"end":{"line":170,"column":60}},"line":170},"10":{"name":"selectTotalTodayOrders","decl":{"start":{"line":171,"column":38},"end":{"line":172,"column":25}},"loc":{"start":{"line":171,"column":38},"end":{"line":172,"column":25}},"line":171}},"f":{"0":0,"1":0,"2":0,"3":0,"4":1,"5":0,"6":0,"7":0,"8":0,"9":0,"10":0}}
,"/Users/temwin/stellar-burgers/src/utils/burger-api.ts": {"path":"/Users/temwin/stellar-burgers/src/utils/burger-api.ts","all":false,"statementMap":{"0":{"start":{"line":1,"column":0},"end":{"line":1,"column":55}},"1":{"start":{"line":2,"column":0},"end":{"line":2,"column":66}},"2":{"start":{"line":3,"column":0},"end":{"line":3,"column":0}},"3":{"start":{"line":4,"column":0},"end":{"line":4,"column":39}},"4":{"start":{"line":5,"column":0},"end":{"line":5,"column":0}},"5":{"start":{"line":6,"column":0},"end":{"line":6,"column":55}},"6":{"start":{"line":7,"column":0},"end":{"line":7,"column":70}},"7":{"start":{"line":8,"column":0},"end":{"line":8,"column":0}},"8":{"start":{"line":9,"column":0},"end":{"line":9,"column":27}},"9":{"start":{"line":10,"column":0},"end":{"line":10,"column":19}},"10":{"start":{"line":11,"column":0},"end":{"line":11,"column":6}},"11":{"start":{"line":12,"column":0},"end":{"line":12,"column":0}},"12":{"start":{"line":13,"column":0},"end":{"line":13,"column":41}},"13":{"start":{"line":14,"column":0},"end":{"line":14,"column":23}},"14":{"start":{"line":15,"column":0},"end":{"line":15,"column":22}},"15":{"start":{"line":16,"column":0},"end":{"line":16,"column":3}},"16":{"start":{"line":17,"column":0},"end":{"line":17,"column":0}},"17":{"start":{"line":18,"column":0},"end":{"line":18,"column":60}},"18":{"start":{"line":19,"column":0},"end":{"line":19,"column":30}},"19":{"start":{"line":20,"column":0},"end":{"line":20,"column":19}},"20":{"start":{"line":21,"column":0},"end":{"line":21,"column":14}},"21":{"start":{"line":22,"column":0},"end":{"line":22,"column":54}},"22":{"start":{"line":23,"column":0},"end":{"line":23,"column":6}},"23":{"start":{"line":24,"column":0},"end":{"line":24,"column":26}},"24":{"start":{"line":25,"column":0},"end":{"line":25,"column":49}},"25":{"start":{"line":26,"column":0},"end":{"line":26,"column":6}},"26":{"start":{"line":27,"column":0},"end":{"line":27,"column":4}},"27":{"start":{"line":28,"column":0},"end":{"line":28,"column":56}},"28":{"start":{"line":29,"column":0},"end":{"line":29,"column":28}},"29":{"start":{"line":30,"column":0},"end":{"line":30,"column":33}},"30":{"start":{"line":31,"column":0},"end":{"line":31,"column":43}},"31":{"start":{"line":32,"column":0},"end":{"line":32,"column":7}},"32":{"start":{"line":33,"column":0},"end":{"line":33,"column":69}},"33":{"start":{"line":34,"column":0},"end":{"line":34,"column":56}},"34":{"start":{"line":35,"column":0},"end":{"line":35,"column":25}},"35":{"start":{"line":36,"column":0},"end":{"line":36,"column":7}},"36":{"start":{"line":37,"column":0},"end":{"line":37,"column":0}},"37":{"start":{"line":38,"column":0},"end":{"line":38,"column":42}},"38":{"start":{"line":39,"column":0},"end":{"line":39,"column":19}},"39":{"start":{"line":40,"column":0},"end":{"line":40,"column":22}},"40":{"start":{"line":41,"column":0},"end":{"line":41,"column":6}},"41":{"start":{"line":42,"column":0},"end":{"line":42,"column":7}},"42":{"start":{"line":43,"column":0},"end":{"line":43,"column":42}},"43":{"start":{"line":44,"column":0},"end":{"line":44,"column":39}},"44":{"start":{"line":45,"column":0},"end":{"line":45,"column":17}},"45":{"start":{"line":46,"column":0},"end":{"line":46,"column":65}},"46":{"start":{"line":47,"column":0},"end":{"line":47,"column":47}},"47":{"start":{"line":48,"column":0},"end":{"line":48,"column":28}},"48":{"start":{"line":49,"column":0},"end":{"line":49,"column":70}},"49":{"start":{"line":50,"column":0},"end":{"line":50,"column":34}},"50":{"start":{"line":51,"column":0},"end":{"line":51,"column":7}},"51":{"start":{"line":52,"column":0},"end":{"line":52,"column":44}},"52":{"start":{"line":53,"column":0},"end":{"line":53,"column":41}},"53":{"start":{"line":54,"column":0},"end":{"line":54,"column":12}},"54":{"start":{"line":55,"column":0},"end":{"line":55,"column":33}},"55":{"start":{"line":56,"column":0},"end":{"line":56,"column":5}},"56":{"start":{"line":57,"column":0},"end":{"line":57,"column":3}},"57":{"start":{"line":58,"column":0},"end":{"line":58,"column":2}},"58":{"start":{"line":59,"column":0},"end":{"line":59,"column":0}},"59":{"start":{"line":60,"column":0},"end":{"line":60,"column":45}},"60":{"start":{"line":61,"column":0},"end":{"line":61,"column":22}},"61":{"start":{"line":62,"column":0},"end":{"line":62,"column":3}},"62":{"start":{"line":63,"column":0},"end":{"line":63,"column":0}},"63":{"start":{"line":64,"column":0},"end":{"line":64,"column":39}},"64":{"start":{"line":65,"column":0},"end":{"line":65,"column":19}},"65":{"start":{"line":66,"column":0},"end":{"line":66,"column":16}},"66":{"start":{"line":67,"column":0},"end":{"line":67,"column":21}},"67":{"start":{"line":68,"column":0},"end":{"line":68,"column":3}},"68":{"start":{"line":69,"column":0},"end":{"line":69,"column":0}},"69":{"start":{"line":70,"column":0},"end":{"line":70,"column":40}},"70":{"start":{"line":71,"column":0},"end":{"line":71,"column":17}},"71":{"start":{"line":72,"column":0},"end":{"line":72,"column":3}},"72":{"start":{"line":73,"column":0},"end":{"line":73,"column":0}},"73":{"start":{"line":74,"column":0},"end":{"line":74,"column":38}},"74":{"start":{"line":75,"column":0},"end":{"line":75,"column":29}},"75":{"start":{"line":76,"column":0},"end":{"line":76,"column":60}},"76":{"start":{"line":77,"column":0},"end":{"line":77,"column":21}},"77":{"start":{"line":78,"column":0},"end":{"line":78,"column":42}},"78":{"start":{"line":79,"column":0},"end":{"line":79,"column":34}},"79":{"start":{"line":80,"column":0},"end":{"line":80,"column":7}},"80":{"start":{"line":81,"column":0},"end":{"line":81,"column":0}},"81":{"start":{"line":82,"column":0},"end":{"line":82,"column":32}},"82":{"start":{"line":83,"column":0},"end":{"line":83,"column":28}},"83":{"start":{"line":84,"column":0},"end":{"line":84,"column":54}},"84":{"start":{"line":85,"column":0},"end":{"line":85,"column":21}},"85":{"start":{"line":86,"column":0},"end":{"line":86,"column":37}},"86":{"start":{"line":87,"column":0},"end":{"line":87,"column":34}},"87":{"start":{"line":88,"column":0},"end":{"line":88,"column":7}},"88":{"start":{"line":89,"column":0},"end":{"line":89,"column":0}},"89":{"start":{"line":90,"column":0},"end":{"line":90,"column":33}},"90":{"start":{"line":91,"column":0},"end":{"line":91,"column":53}},"91":{"start":{"line":92,"column":0},"end":{"line":92,"column":18}},"92":{"start":{"line":93,"column":0},"end":{"line":93,"column":14}},"93":{"start":{"line":94,"column":0},"end":{"line":94,"column":55}},"94":{"start":{"line":95,"column":0},"end":{"line":95,"column":45}},"95":{"start":{"line":96,"column":0},"end":{"line":96,"column":20}},"96":{"start":{"line":97,"column":0},"end":{"line":97,"column":21}},"97":{"start":{"line":98,"column":0},"end":{"line":98,"column":42}},"98":{"start":{"line":99,"column":0},"end":{"line":99,"column":32}},"99":{"start":{"line":100,"column":0},"end":{"line":100,"column":5}},"100":{"start":{"line":101,"column":0},"end":{"line":101,"column":0}},"101":{"start":{"line":102,"column":0},"end":{"line":102,"column":42}},"102":{"start":{"line":103,"column":0},"end":{"line":103,"column":16}},"103":{"start":{"line":104,"column":0},"end":{"line":104,"column":15}},"104":{"start":{"line":105,"column":0},"end":{"line":105,"column":3}},"105":{"start":{"line":106,"column":0},"end":{"line":106,"column":0}},"106":{"start":{"line":107,"column":0},"end":{"line":107,"column":49}},"107":{"start":{"line":108,"column":0},"end":{"line":108,"column":56}},"108":{"start":{"line":109,"column":0},"end":{"line":109,"column":19}},"109":{"start":{"line":110,"column":0},"end":{"line":110,"column":14}},"110":{"start":{"line":111,"column":0},"end":{"line":111,"column":55}},"111":{"start":{"line":112,"column":0},"end":{"line":112,"column":45}},"112":{"start":{"line":113,"column":0},"end":{"line":113,"column":21}},"113":{"start":{"line":114,"column":0},"end":{"line":114,"column":26}},"114":{"start":{"line":115,"column":0},"end":{"line":115,"column":23}},"115":{"start":{"line":116,"column":0},"end":{"line":116,"column":6}},"116":{"start":{"line":117,"column":0},"end":{"line":117,"column":21}},"117":{"start":{"line":118,"column":0},"end":{"line":118,"column":35}},"118":{"start":{"line":119,"column":0},"end":{"line":119,"column":32}},"119":{"start":{"line":120,"column":0},"end":{"line":120,"column":5}},"120":{"start":{"line":121,"column":0},"end":{"line":121,"column":0}},"121":{"start":{"line":122,"column":0},"end":{"line":122,"column":39}},"122":{"start":{"line":123,"column":0},"end":{"line":123,"column":19}},"123":{"start":{"line":124,"column":0},"end":{"line":124,"column":3}},"124":{"start":{"line":125,"column":0},"end":{"line":125,"column":0}},"125":{"start":{"line":126,"column":0},"end":{"line":126,"column":54}},"126":{"start":{"line":127,"column":0},"end":{"line":127,"column":36}},"127":{"start":{"line":128,"column":0},"end":{"line":128,"column":18}},"128":{"start":{"line":129,"column":0},"end":{"line":129,"column":14}},"129":{"start":{"line":130,"column":0},"end":{"line":130,"column":40}},"130":{"start":{"line":131,"column":0},"end":{"line":131,"column":5}},"131":{"start":{"line":132,"column":0},"end":{"line":132,"column":55}},"132":{"start":{"line":133,"column":0},"end":{"line":133,"column":0}},"133":{"start":{"line":134,"column":0},"end":{"line":134,"column":29}},"134":{"start":{"line":135,"column":0},"end":{"line":135,"column":16}},"135":{"start":{"line":136,"column":0},"end":{"line":136,"column":15}},"136":{"start":{"line":137,"column":0},"end":{"line":137,"column":19}},"137":{"start":{"line":138,"column":0},"end":{"line":138,"column":2}},"138":{"start":{"line":139,"column":0},"end":{"line":139,"column":0}},"139":{"start":{"line":140,"column":0},"end":{"line":140,"column":38}},"140":{"start":{"line":141,"column":0},"end":{"line":141,"column":23}},"141":{"start":{"line":142,"column":0},"end":{"line":142,"column":22}},"142":{"start":{"line":143,"column":0},"end":{"line":143,"column":14}},"143":{"start":{"line":144,"column":0},"end":{"line":144,"column":3}},"144":{"start":{"line":145,"column":0},"end":{"line":145,"column":0}},"145":{"start":{"line":146,"column":0},"end":{"line":146,"column":55}},"146":{"start":{"line":147,"column":0},"end":{"line":147,"column":33}},"147":{"start":{"line":148,"column":0},"end":{"line":148,"column":19}},"148":{"start":{"line":149,"column":0},"end":{"line":149,"column":14}},"149":{"start":{"line":150,"column":0},"end":{"line":150,"column":54}},"150":{"start":{"line":151,"column":0},"end":{"line":151,"column":6}},"151":{"start":{"line":152,"column":0},"end":{"line":152,"column":30}},"152":{"start":{"line":153,"column":0},"end":{"line":153,"column":4}},"153":{"start":{"line":154,"column":0},"end":{"line":154,"column":53}},"154":{"start":{"line":155,"column":0},"end":{"line":155,"column":21}},"155":{"start":{"line":156,"column":0},"end":{"line":156,"column":37}},"156":{"start":{"line":157,"column":0},"end":{"line":157,"column":34}},"157":{"start":{"line":158,"column":0},"end":{"line":158,"column":7}},"158":{"start":{"line":159,"column":0},"end":{"line":159,"column":0}},"159":{"start":{"line":160,"column":0},"end":{"line":160,"column":26}},"160":{"start":{"line":161,"column":0},"end":{"line":161,"column":16}},"161":{"start":{"line":162,"column":0},"end":{"line":162,"column":19}},"162":{"start":{"line":163,"column":0},"end":{"line":163,"column":2}},"163":{"start":{"line":164,"column":0},"end":{"line":164,"column":0}},"164":{"start":{"line":165,"column":0},"end":{"line":165,"column":49}},"165":{"start":{"line":166,"column":0},"end":{"line":166,"column":30}},"166":{"start":{"line":167,"column":0},"end":{"line":167,"column":19}},"167":{"start":{"line":168,"column":0},"end":{"line":168,"column":14}},"168":{"start":{"line":169,"column":0},"end":{"line":169,"column":54}},"169":{"start":{"line":170,"column":0},"end":{"line":170,"column":6}},"170":{"start":{"line":171,"column":0},"end":{"line":171,"column":30}},"171":{"start":{"line":172,"column":0},"end":{"line":172,"column":4}},"172":{"start":{"line":173,"column":0},"end":{"line":173,"column":53}},"173":{"start":{"line":174,"column":0},"end":{"line":174,"column":21}},"174":{"start":{"line":175,"column":0},"end":{"line":175,"column":37}},"175":{"start":{"line":176,"column":0},"end":{"line":176,"column":34}},"176":{"start":{"line":177,"column":0},"end":{"line":177,"column":7}},"177":{"start":{"line":178,"column":0},"end":{"line":178,"column":0}},"178":{"start":{"line":179,"column":0},"end":{"line":179,"column":61}},"179":{"start":{"line":180,"column":0},"end":{"line":180,"column":34}},"180":{"start":{"line":181,"column":0},"end":{"line":181,"column":19}},"181":{"start":{"line":182,"column":0},"end":{"line":182,"column":14}},"182":{"start":{"line":183,"column":0},"end":{"line":183,"column":54}},"183":{"start":{"line":184,"column":0},"end":{"line":184,"column":6}},"184":{"start":{"line":185,"column":0},"end":{"line":185,"column":30}},"185":{"start":{"line":186,"column":0},"end":{"line":186,"column":4}},"186":{"start":{"line":187,"column":0},"end":{"line":187,"column":59}},"187":{"start":{"line":188,"column":0},"end":{"line":188,"column":21}},"188":{"start":{"line":189,"column":0},"end":{"line":189,"column":37}},"189":{"start":{"line":190,"column":0},"end":{"line":190,"column":34}},"190":{"start":{"line":191,"column":0},"end":{"line":191,"column":7}},"191":{"start":{"line":192,"column":0},"end":{"line":192,"column":0}},"192":{"start":{"line":193,"column":0},"end":{"line":193,"column":78}},"193":{"start":{"line":194,"column":0},"end":{"line":194,"column":40}},"194":{"start":{"line":195,"column":0},"end":{"line":195,"column":19}},"195":{"start":{"line":196,"column":0},"end":{"line":196,"column":14}},"196":{"start":{"line":197,"column":0},"end":{"line":197,"column":54}},"197":{"start":{"line":198,"column":0},"end":{"line":198,"column":6}},"198":{"start":{"line":199,"column":0},"end":{"line":199,"column":30}},"199":{"start":{"line":200,"column":0},"end":{"line":200,"column":4}},"200":{"start":{"line":201,"column":0},"end":{"line":201,"column":59}},"201":{"start":{"line":202,"column":0},"end":{"line":202,"column":21}},"202":{"start":{"line":203,"column":0},"end":{"line":203,"column":37}},"203":{"start":{"line":204,"column":0},"end":{"line":204,"column":34}},"204":{"start":{"line":205,"column":0},"end":{"line":205,"column":7}},"205":{"start":{"line":206,"column":0},"end":{"line":206,"column":0}},"206":{"start":{"line":207,"column":0},"end":{"line":207,"column":54}},"207":{"start":{"line":208,"column":0},"end":{"line":208,"column":0}},"208":{"start":{"line":209,"column":0},"end":{"line":209,"column":31}},"209":{"start":{"line":210,"column":0},"end":{"line":210,"column":55}},"210":{"start":{"line":211,"column":0},"end":{"line":211,"column":14}},"211":{"start":{"line":212,"column":0},"end":{"line":212,"column":45}},"212":{"start":{"line":213,"column":0},"end":{"line":213,"column":20}},"213":{"start":{"line":214,"column":0},"end":{"line":214,"column":5}},"214":{"start":{"line":215,"column":0},"end":{"line":215,"column":0}},"215":{"start":{"line":216,"column":0},"end":{"line":216,"column":62}},"216":{"start":{"line":217,"column":0},"end":{"line":217,"column":55}},"217":{"start":{"line":218,"column":0},"end":{"line":218,"column":20}},"218":{"start":{"line":219,"column":0},"end":{"line":219,"column":14}},"219":{"start":{"line":220,"column":0},"end":{"line":220,"column":55}},"220":{"start":{"line":221,"column":0},"end":{"line":221,"column":45}},"221":{"start":{"line":222,"column":0},"end":{"line":222,"column":21}},"222":{"start":{"line":223,"column":0},"end":{"line":223,"column":30}},"223":{"start":{"line":224,"column":0},"end":{"line":224,"column":5}},"224":{"start":{"line":225,"column":0},"end":{"line":225,"column":0}},"225":{"start":{"line":226,"column":0},"end":{"line":226,"column":30}},"226":{"start":{"line":227,"column":0},"end":{"line":227,"column":31}},"227":{"start":{"line":228,"column":0},"end":{"line":228,"column":19}},"228":{"start":{"line":229,"column":0},"end":{"line":229,"column":14}},"229":{"start":{"line":230,"column":0},"end":{"line":230,"column":54}},"230":{"start":{"line":231,"column":0},"end":{"line":231,"column":6}},"231":{"start":{"line":232,"column":0},"end":{"line":232,"column":26}},"232":{"start":{"line":233,"column":0},"end":{"line":233,"column":49}},"233":{"start":{"line":234,"column":0},"end":{"line":234,"column":6}},"234":{"start":{"line":235,"column":0},"end":{"line":235,"column":60}}},"s":{"0":1,"1":1,"2":1,"3":1,"4":1,"5":1,"6":0,"7":1,"8":1,"9":1,"10":1,"11":1,"12":1,"13":1,"14":1,"15":1,"16":1,"17":1,"18":0,"19":0,"20":0,"21":0,"22":0,"23":0,"24":0,"25":0,"26":0,"27":0,"28":0,"29":0,"30":0,"31":0,"32":0,"33":0,"34":0,"35":0,"36":1,"37":1,"38":0,"39":0,"40":0,"41":0,"42":0,"43":0,"44":0,"45":0,"46":0,"47":0,"48":0,"49":0,"50":0,"51":0,"52":0,"53":0,"54":0,"55":0,"56":0,"57":0,"58":1,"59":1,"60":1,"61":1,"62":1,"63":1,"64":1,"65":1,"66":1,"67":1,"68":1,"69":1,"70":1,"71":1,"72":1,"73":1,"74":0,"75":0,"76":0,"77":0,"78":0,"79":0,"80":1,"81":1,"82":0,"83":0,"84":0,"85":0,"86":0,"87":0,"88":1,"89":1,"90":0,"91":0,"92":0,"93":0,"94":0,"95":0,"96":0,"97":0,"98":0,"99":0,"100":1,"101":1,"102":1,"103":1,"104":1,"105":1,"106":1,"107":0,"108":0,"109":0,"110":0,"111":0,"112":0,"113":0,"114":0,"115":0,"116":0,"117":0,"118":0,"119":0,"120":1,"121":1,"122":1,"123":1,"124":1,"125":1,"126":0,"127":0,"128":0,"129":0,"130":0,"131":0,"132":1,"133":1,"134":1,"135":1,"136":1,"137":1,"138":1,"139":1,"140":1,"141":1,"142":1,"143":1,"144":1,"145":1,"146":0,"147":0,"148":0,"149":0,"150":0,"151":0,"152":0,"153":0,"154":0,"155":0,"156":0,"157":0,"158":1,"159":1,"160":1,"161":1,"162":1,"163":1,"164":1,"165":0,"166":0,"167":0,"168":0,"169":0,"170":0,"171":0,"172":0,"173":0,"174":0,"175":0,"176":0,"177":1,"178":1,"179":0,"180":0,"181":0,"182":0,"183":0,"184":0,"185":0,"186":0,"187":0,"188":0,"189":0,"190":0,"191":1,"192":1,"193":0,"194":0,"195":0,"196":0,"197":0,"198":0,"199":0,"200":0,"201":0,"202":0,"203":0,"204":0,"205":1,"206":1,"207":1,"208":1,"209":0,"210":0,"211":0,"212":0,"213":0,"214":1,"215":1,"216":0,"217":0,"218":0,"219":0,"220":0,"221":0,"222":0,"223":0,"224":1,"225":1,"226":0,"227":0,"228":0,"229":0,"230":0,"231":0,"232":0,"233":0,"234":0},"branchMap":{},"b":{},"fnMap":{"0":{"name":"checkResponse","decl":{"start":{"line":6,"column":22},"end":{"line":7,"column":70}},"loc":{"start":{"line":6,"column":22},"end":{"line":7,"column":70}},"line":6},"1":{"name":"refreshToken","decl":{"start":{"line":18,"column":28},"end":{"line":36,"column":7}},"loc":{"start":{"line":18,"column":28},"end":{"line":36,"column":7}},"line":18},"2":{"name":"fetchWithRefresh","decl":{"start":{"line":38,"column":32},"end":{"line":58,"column":2}},"loc":{"start":{"line":38,"column":32},"end":{"line":58,"column":2}},"line":38},"3":{"name":"getIngredientsApi","decl":{"start":{"line":74,"column":33},"end":{"line":80,"column":7}},"loc":{"start":{"line":74,"column":33},"end":{"line":80,"column":7}},"line":74},"4":{"name":"getFeedsApi","decl":{"start":{"line":82,"column":27},"end":{"line":88,"column":7}},"loc":{"start":{"line":82,"column":27},"end":{"line":88,"column":7}},"line":82},"5":{"name":"getOrdersApi","decl":{"start":{"line":90,"column":28},"end":{"line":100,"column":5}},"loc":{"start":{"line":90,"column":28},"end":{"line":100,"column":5}},"line":90},"6":{"name":"orderBurgerApi","decl":{"start":{"line":107,"column":30},"end":{"line":120,"column":5}},"loc":{"start":{"line":107,"column":30},"end":{"line":120,"column":5}},"line":107},"7":{"name":"getOrderByNumberApi","decl":{"start":{"line":126,"column":35},"end":{"line":132,"column":55}},"loc":{"start":{"line":126,"column":35},"end":{"line":132,"column":55}},"line":126},"8":{"name":"registerUserApi","decl":{"start":{"line":146,"column":31},"end":{"line":158,"column":7}},"loc":{"start":{"line":146,"column":31},"end":{"line":158,"column":7}},"line":146},"9":{"name":"loginUserApi","decl":{"start":{"line":165,"column":28},"end":{"line":177,"column":7}},"loc":{"start":{"line":165,"column":28},"end":{"line":177,"column":7}},"line":165},"10":{"name":"forgotPasswordApi","decl":{"start":{"line":179,"column":33},"end":{"line":191,"column":7}},"loc":{"start":{"line":179,"column":33},"end":{"line":191,"column":7}},"line":179},"11":{"name":"resetPasswordApi","decl":{"start":{"line":193,"column":32},"end":{"line":205,"column":7}},"loc":{"start":{"line":193,"column":32},"end":{"line":205,"column":7}},"line":193},"12":{"name":"getUserApi","decl":{"start":{"line":209,"column":26},"end":{"line":214,"column":5}},"loc":{"start":{"line":209,"column":26},"end":{"line":214,"column":5}},"line":209},"13":{"name":"updateUserApi","decl":{"start":{"line":216,"column":29},"end":{"line":224,"column":5}},"loc":{"start":{"line":216,"column":29},"end":{"line":224,"column":5}},"line":216},"14":{"name":"logoutApi","decl":{"start":{"line":226,"column":25},"end":{"line":235,"column":60}},"loc":{"start":{"line":226,"column":25},"end":{"line":235,"column":60}},"line":226}},"f":{"0":0,"1":0,"2":0,"3":0,"4":0,"5":0,"6":0,"7":0,"8":0,"9":0,"10":0,"11":0,"12":0,"13":0,"14":0}}
,"/Users/temwin/stellar-burgers/src/utils/cookie.ts": {"path":"/Users/temwin/stellar-burgers/src/utils/cookie.ts","all":false,"statementMap":{"0":{"start":{"line":1,"column":0},"end":{"line":1,"column":61}},"1":{"start":{"line":2,"column":0},"end":{"line":2,"column":40}},"2":{"start":{"line":3,"column":0},"end":{"line":3,"column":15}},"3":{"start":{"line":4,"column":0},"end":{"line":4,"column":18}},"4":{"start":{"line":5,"column":0},"end":{"line":5,"column":53}},"5":{"start":{"line":6,"column":0},"end":{"line":6,"column":62}},"6":{"start":{"line":7,"column":0},"end":{"line":7,"column":18}},"7":{"start":{"line":8,"column":0},"end":{"line":8,"column":5}},"8":{"start":{"line":9,"column":0},"end":{"line":9,"column":4}},"9":{"start":{"line":10,"column":0},"end":{"line":10,"column":62}},"10":{"start":{"line":11,"column":0},"end":{"line":11,"column":1}},"11":{"start":{"line":12,"column":0},"end":{"line":12,"column":0}},"12":{"start":{"line":13,"column":0},"end":{"line":13,"column":26}},"13":{"start":{"line":14,"column":0},"end":{"line":14,"column":15}},"14":{"start":{"line":15,"column":0},"end":{"line":15,"column":16}},"15":{"start":{"line":16,"column":0},"end":{"line":16,"column":65}},"16":{"start":{"line":17,"column":0},"end":{"line":17,"column":3}},"17":{"start":{"line":18,"column":0},"end":{"line":18,"column":11}},"18":{"start":{"line":19,"column":0},"end":{"line":19,"column":14}},"19":{"start":{"line":20,"column":0},"end":{"line":20,"column":12}},"20":{"start":{"line":21,"column":0},"end":{"line":21,"column":4}},"21":{"start":{"line":22,"column":0},"end":{"line":22,"column":0}},"22":{"start":{"line":23,"column":0},"end":{"line":23,"column":26}},"23":{"start":{"line":24,"column":0},"end":{"line":24,"column":39}},"24":{"start":{"line":25,"column":0},"end":{"line":25,"column":25}},"25":{"start":{"line":26,"column":0},"end":{"line":26,"column":40}},"26":{"start":{"line":27,"column":0},"end":{"line":27,"column":28}},"27":{"start":{"line":28,"column":0},"end":{"line":28,"column":3}},"28":{"start":{"line":29,"column":0},"end":{"line":29,"column":0}},"29":{"start":{"line":30,"column":0},"end":{"line":30,"column":35}},"30":{"start":{"line":31,"column":0},"end":{"line":31,"column":38}},"31":{"start":{"line":32,"column":0},"end":{"line":32,"column":3}},"32":{"start":{"line":33,"column":0},"end":{"line":33,"column":36}},"33":{"start":{"line":34,"column":0},"end":{"line":34,"column":41}},"34":{"start":{"line":35,"column":0},"end":{"line":35,"column":33}},"35":{"start":{"line":36,"column":0},"end":{"line":36,"column":37}},"36":{"start":{"line":37,"column":0},"end":{"line":37,"column":38}},"37":{"start":{"line":38,"column":0},"end":{"line":38,"column":29}},"38":{"start":{"line":39,"column":0},"end":{"line":39,"column":39}},"39":{"start":{"line":40,"column":0},"end":{"line":40,"column":5}},"40":{"start":{"line":41,"column":0},"end":{"line":41,"column":3}},"41":{"start":{"line":42,"column":0},"end":{"line":42,"column":34}},"42":{"start":{"line":43,"column":0},"end":{"line":43,"column":1}},"43":{"start":{"line":44,"column":0},"end":{"line":44,"column":0}},"44":{"start":{"line":45,"column":0},"end":{"line":45,"column":44}},"45":{"start":{"line":46,"column":0},"end":{"line":46,"column":39}},"46":{"start":{"line":47,"column":0},"end":{"line":47,"column":1}}},"s":{"0":0,"1":0,"2":0,"3":0,"4":0,"5":0,"6":0,"7":0,"8":0,"9":0,"10":0,"11":1,"12":0,"13":0,"14":0,"15":0,"16":0,"17":0,"18":0,"19":0,"20":0,"21":0,"22":0,"23":0,"24":0,"25":0,"26":0,"27":0,"28":0,"29":0,"30":0,"31":0,"32":0,"33":0,"34":0,"35":0,"36":0,"37":0,"38":0,"39":0,"40":0,"41":0,"42":0,"43":1,"44":0,"45":0,"46":0},"branchMap":{},"b":{},"fnMap":{"0":{"name":"getCookie","decl":{"start":{"line":1,"column":0},"end":{"line":11,"column":1}},"loc":{"start":{"line":1,"column":0},"end":{"line":11,"column":1}},"line":1},"1":{"name":"setCookie","decl":{"start":{"line":13,"column":0},"end":{"line":43,"column":1}},"loc":{"start":{"line":13,"column":0},"end":{"line":43,"column":1}},"line":13},"2":{"name":"deleteCookie","decl":{"start":{"line":45,"column":0},"end":{"line":47,"column":1}},"loc":{"start":{"line":45,"column":0},"end":{"line":47,"column":1}},"line":45}},"f":{"0":0,"1":0,"2":0}}
}
